app/build/outputs/logs/manifest-merger-debug-report.txt
-- Merging decision tree log ---
manifest
ADDED from src/main/AndroidManifest.xml:2:1-47:12
	xmlns:android
		ADDED from src/main/AndroidManifest.xml:2:11-69
	package
		ADDED from src/main/AndroidManifest.xml:3:5-47
		INJECTED from src/main/AndroidManifest.xml
		INJECTED from src/main/AndroidManifest.xml
	android:versionName
		ADDED from src/main/AndroidManifest.xml:5:5-30
	android:versionCode
		ADDED from src/main/AndroidManifest.xml:4:5-28
		INJECTED from src/main/AndroidManifest.xml
		INJECTED from src/main/AndroidManifest.xml
uses-sdk
ADDED from src/main/AndroidManifest.xml:7:5-9:41
	android:targetSdkVersion
		ADDED from src/main/AndroidManifest.xml:9:9-38
		INJECTED from src/main/AndroidManifest.xml
		INJECTED from src/main/AndroidManifest.xml
	android:minSdkVersion
		ADDED from src/main/AndroidManifest.xml:8:9-35
		INJECTED from src/main/AndroidManifest.xml
		INJECTED from src/main/AndroidManifest.xml
uses-permission#android.permission.WAKE_LOCK
ADDED from src/main/AndroidManifest.xml:12:5-68
	android:name
		ADDED from src/main/AndroidManifest.xml:12:22-65
uses-permission#android.permission.INTERNET
ADDED from src/main/AndroidManifest.xml:13:5-67
	android:name
		ADDED from src/main/AndroidManifest.xml:13:22-64
uses-permission#android.permission.WRITE_EXTERNAL_STORAGE
ADDED from src/main/AndroidManifest.xml:14:5-81
	android:name
		ADDED from src/main/AndroidManifest.xml:14:22-78
uses-permission#android.permission.ACCESS_NETWORK_STATE
ADDED from src/main/AndroidManifest.xml:15:5-79
	android:name
		ADDED from src/main/AndroidManifest.xml:15:22-76
android:uses-permission#android.permission.READ_PHONE_STATE
ADDED from src/main/AndroidManifest.xml:17:5-83
	android:name
		ADDED from src/main/AndroidManifest.xml:17:30-80
android:uses-permission#android.permission.READ_EXTERNAL_STORAGE
ADDED from src/main/AndroidManifest.xml:18:5-88
	android:name
		ADDED from src/main/AndroidManifest.xml:18:30-85
application
ADDED from src/main/AndroidManifest.xml:23:5-45:19
	android:label
		ADDED from src/main/AndroidManifest.xml:26:9-41
	android:allowBackup
		ADDED from src/main/AndroidManifest.xml:24:9-35
	android:icon
		ADDED from src/main/AndroidManifest.xml:25:9-45
	android:theme
		ADDED from src/main/AndroidManifest.xml:27:9-40
service#org.eclipse.paho.android.service.MqttService
ADDED from src/main/AndroidManifest.xml:30:9-31:19
	android:name
		ADDED from src/main/AndroidManifest.xml:30:18-45
activity#org.eclipse.paho.android.service.MainActivity
ADDED from src/main/AndroidManifest.xml:34:9-40:20
	android:name
		ADDED from src/main/AndroidManifest.xml:34:19-47
intent-filter#android.intent.action.MAIN+android.intent.category.LAUNCHER
ADDED from src/main/AndroidManifest.xml:35:13-39:29
action#android.intent.action.MAIN
ADDED from src/main/AndroidManifest.xml:36:17-69
	android:name
		ADDED from src/main/AndroidManifest.xml:36:25-66
category#android.intent.category.LAUNCHER
ADDED from src/main/AndroidManifest.xml:38:17-77
	android:name
		ADDED from src/main/AndroidManifest.xml:38:27-74
activity#org.eclipse.paho.android.service.Temperature
ADDED from src/main/AndroidManifest.xml:41:9-44:20
	android:label
		ADDED from src/main/AndroidManifest.xml:43:13-63
	android:name
		ADDED from src/main/AndroidManifest.xml:42:13-40